<?xml version="1.0" encoding="UTF-8"?>
<testng-results ignored="0" total="7" passed="7" failed="0" skipped="0">
  <reporter-output>
  </reporter-output>
  <suite started-at="2020-12-22T17:32:29Z" name="Default suite" finished-at="2020-12-22T17:32:38Z" duration-ms="8737">
    <groups>
    </groups>
    <test started-at="2020-12-22T17:32:29Z" name="Default test" finished-at="2020-12-22T17:32:38Z" duration-ms="8737">
      <class name="com.employeeapi.testCases.TC002_Get_Single_Employee_Record">
        <test-method is-config="true" signature="setup()[pri:0, instance:com.employeeapi.testCases.TC002_Get_Single_Employee_Record@60099951]" started-at="2020-12-22T17:32:29Z" name="setup" finished-at="2020-12-22T17:32:29Z" duration-ms="106" status="PASS">
          <reporter-output>
          </reporter-output>
        </test-method> <!-- setup -->
        <test-method is-config="true" signature="getEmployeeData()[pri:0, instance:com.employeeapi.testCases.TC002_Get_Single_Employee_Record@60099951]" started-at="2020-12-22T17:32:29Z" name="getEmployeeData" finished-at="2020-12-22T17:32:38Z" duration-ms="8559" status="PASS">
          <reporter-output>
          </reporter-output>
        </test-method> <!-- getEmployeeData -->
        <test-method signature="checkContentLenght()[pri:0, instance:com.employeeapi.testCases.TC002_Get_Single_Employee_Record@60099951]" started-at="2020-12-22T17:32:38Z" name="checkContentLenght" finished-at="2020-12-22T17:32:38Z" duration-ms="6" status="PASS">
          <reporter-output>
          </reporter-output>
        </test-method> <!-- checkContentLenght -->
        <test-method signature="checkContentType()[pri:0, instance:com.employeeapi.testCases.TC002_Get_Single_Employee_Record@60099951]" started-at="2020-12-22T17:32:38Z" name="checkContentType" finished-at="2020-12-22T17:32:38Z" duration-ms="3" status="PASS">
          <reporter-output>
          </reporter-output>
        </test-method> <!-- checkContentType -->
        <test-method signature="checkResponseTime()[pri:0, instance:com.employeeapi.testCases.TC002_Get_Single_Employee_Record@60099951]" started-at="2020-12-22T17:32:38Z" name="checkResponseTime" finished-at="2020-12-22T17:32:38Z" duration-ms="2" status="PASS">
          <reporter-output>
          </reporter-output>
        </test-method> <!-- checkResponseTime -->
        <test-method signature="checkResposeBody()[pri:0, instance:com.employeeapi.testCases.TC002_Get_Single_Employee_Record@60099951]" started-at="2020-12-22T17:32:38Z" name="checkResposeBody" finished-at="2020-12-22T17:32:38Z" duration-ms="15" status="PASS">
          <reporter-output>
          </reporter-output>
        </test-method> <!-- checkResposeBody -->
        <test-method signature="checkStatusCode()[pri:0, instance:com.employeeapi.testCases.TC002_Get_Single_Employee_Record@60099951]" started-at="2020-12-22T17:32:38Z" name="checkStatusCode" finished-at="2020-12-22T17:32:38Z" duration-ms="1" status="PASS">
          <reporter-output>
          </reporter-output>
        </test-method> <!-- checkStatusCode -->
        <test-method signature="checkserverType()[pri:0, instance:com.employeeapi.testCases.TC002_Get_Single_Employee_Record@60099951]" started-at="2020-12-22T17:32:38Z" name="checkserverType" finished-at="2020-12-22T17:32:38Z" duration-ms="6" status="PASS">
          <reporter-output>
          </reporter-output>
        </test-method> <!-- checkserverType -->
        <test-method signature="checkstatusLine()[pri:0, instance:com.employeeapi.testCases.TC002_Get_Single_Employee_Record@60099951]" started-at="2020-12-22T17:32:38Z" name="checkstatusLine" finished-at="2020-12-22T17:32:38Z" duration-ms="1" status="PASS">
          <reporter-output>
          </reporter-output>
        </test-method> <!-- checkstatusLine -->
        <test-method is-config="true" signature="tearDown()[pri:0, instance:com.employeeapi.testCases.TC002_Get_Single_Employee_Record@60099951]" started-at="2020-12-22T17:32:38Z" name="tearDown" finished-at="2020-12-22T17:32:38Z" duration-ms="0" status="PASS">
          <reporter-output>
          </reporter-output>
        </test-method> <!-- tearDown -->
      </class> <!-- com.employeeapi.testCases.TC002_Get_Single_Employee_Record -->
    </test> <!-- Default test -->
  </suite> <!-- Default suite -->
</testng-results>
