<?xml version="1.0" encoding="UTF-8"?>
<testng-results ignored="0" total="31" passed="31" failed="0" skipped="0">
  <reporter-output>
  </reporter-output>
  <suite started-at="2020-12-22T20:41:18Z" name="EmployeesRestAPISuite" finished-at="2020-12-22T20:41:43Z" duration-ms="24738">
    <groups>
    </groups>
    <test started-at="2020-12-22T20:41:18Z" name="EmployeesRestAPITest" finished-at="2020-12-22T20:41:43Z" duration-ms="24738">
      <class name="com.employeeapi.testCases.TC003_Post_Employee_Record">
        <test-method is-config="true" signature="setup()[pri:0, instance:com.employeeapi.testCases.TC003_Post_Employee_Record@4032d386]" started-at="2020-12-22T20:41:27Z" name="setup" finished-at="2020-12-22T20:41:27Z" duration-ms="3" status="PASS">
          <reporter-output>
          </reporter-output>
        </test-method> <!-- setup -->
        <test-method is-config="true" signature="createEmployee()[pri:0, instance:com.employeeapi.testCases.TC003_Post_Employee_Record@4032d386]" started-at="2020-12-22T20:41:27Z" name="createEmployee" finished-at="2020-12-22T20:41:33Z" duration-ms="5678" status="PASS">
          <reporter-output>
          </reporter-output>
        </test-method> <!-- createEmployee -->
        <test-method signature="checkContentType()[pri:0, instance:com.employeeapi.testCases.TC003_Post_Employee_Record@4032d386]" started-at="2020-12-22T20:41:33Z" name="checkContentType" finished-at="2020-12-22T20:41:33Z" duration-ms="2" status="PASS">
          <reporter-output>
          </reporter-output>
        </test-method> <!-- checkContentType -->
        <test-method signature="checkResposeBody()[pri:0, instance:com.employeeapi.testCases.TC003_Post_Employee_Record@4032d386]" started-at="2020-12-22T20:41:33Z" name="checkResposeBody" finished-at="2020-12-22T20:41:33Z" duration-ms="3" status="PASS">
          <reporter-output>
          </reporter-output>
        </test-method> <!-- checkResposeBody -->
        <test-method signature="checkStatusCode()[pri:0, instance:com.employeeapi.testCases.TC003_Post_Employee_Record@4032d386]" started-at="2020-12-22T20:41:33Z" name="checkStatusCode" finished-at="2020-12-22T20:41:33Z" duration-ms="2" status="PASS">
          <reporter-output>
          </reporter-output>
        </test-method> <!-- checkStatusCode -->
        <test-method signature="checkserverType()[pri:0, instance:com.employeeapi.testCases.TC003_Post_Employee_Record@4032d386]" started-at="2020-12-22T20:41:33Z" name="checkserverType" finished-at="2020-12-22T20:41:33Z" duration-ms="3" status="PASS">
          <reporter-output>
          </reporter-output>
        </test-method> <!-- checkserverType -->
        <test-method signature="checkstatusLine()[pri:0, instance:com.employeeapi.testCases.TC003_Post_Employee_Record@4032d386]" started-at="2020-12-22T20:41:33Z" name="checkstatusLine" finished-at="2020-12-22T20:41:33Z" duration-ms="1" status="PASS">
          <reporter-output>
          </reporter-output>
        </test-method> <!-- checkstatusLine -->
        <test-method is-config="true" signature="tearDown()[pri:0, instance:com.employeeapi.testCases.TC003_Post_Employee_Record@4032d386]" started-at="2020-12-22T20:41:33Z" name="tearDown" finished-at="2020-12-22T20:41:33Z" duration-ms="1" status="PASS">
          <reporter-output>
          </reporter-output>
        </test-method> <!-- tearDown -->
      </class> <!-- com.employeeapi.testCases.TC003_Post_Employee_Record -->
      <class name="com.employeeapi.testCases.TC001_Get_All_Employees">
        <test-method is-config="true" signature="setup()[pri:0, instance:com.employeeapi.testCases.TC001_Get_All_Employees@31920ade]" started-at="2020-12-22T20:41:18Z" name="setup" finished-at="2020-12-22T20:41:18Z" duration-ms="32" status="PASS">
          <reporter-output>
          </reporter-output>
        </test-method> <!-- setup -->
        <test-method is-config="true" signature="getAllEmployees()[pri:0, instance:com.employeeapi.testCases.TC001_Get_All_Employees@31920ade]" started-at="2020-12-22T20:41:18Z" name="getAllEmployees" finished-at="2020-12-22T20:41:19Z" duration-ms="1098" status="PASS">
          <reporter-output>
          </reporter-output>
        </test-method> <!-- getAllEmployees -->
        <test-method signature="checkContentLenght()[pri:0, instance:com.employeeapi.testCases.TC001_Get_All_Employees@31920ade]" started-at="2020-12-22T20:41:19Z" name="checkContentLenght" finished-at="2020-12-22T20:41:19Z" duration-ms="8" status="PASS">
          <reporter-output>
          </reporter-output>
        </test-method> <!-- checkContentLenght -->
        <test-method signature="checkContentType()[pri:0, instance:com.employeeapi.testCases.TC001_Get_All_Employees@31920ade]" started-at="2020-12-22T20:41:19Z" name="checkContentType" finished-at="2020-12-22T20:41:19Z" duration-ms="2" status="PASS">
          <reporter-output>
          </reporter-output>
        </test-method> <!-- checkContentType -->
        <test-method signature="checkCookies()[pri:0, instance:com.employeeapi.testCases.TC001_Get_All_Employees@31920ade]" started-at="2020-12-22T20:41:19Z" name="checkCookies" finished-at="2020-12-22T20:41:19Z" duration-ms="3" status="PASS">
          <reporter-output>
          </reporter-output>
        </test-method> <!-- checkCookies -->
        <test-method signature="checkResponseTime()[pri:0, instance:com.employeeapi.testCases.TC001_Get_All_Employees@31920ade]" started-at="2020-12-22T20:41:19Z" name="checkResponseTime" finished-at="2020-12-22T20:41:19Z" duration-ms="3" status="PASS">
          <reporter-output>
          </reporter-output>
        </test-method> <!-- checkResponseTime -->
        <test-method signature="checkResposeBody()[pri:0, instance:com.employeeapi.testCases.TC001_Get_All_Employees@31920ade]" started-at="2020-12-22T20:41:19Z" name="checkResposeBody" finished-at="2020-12-22T20:41:20Z" duration-ms="35" status="PASS">
          <reporter-output>
          </reporter-output>
        </test-method> <!-- checkResposeBody -->
        <test-method signature="checkStatusCode()[pri:0, instance:com.employeeapi.testCases.TC001_Get_All_Employees@31920ade]" started-at="2020-12-22T20:41:20Z" name="checkStatusCode" finished-at="2020-12-22T20:41:20Z" duration-ms="4" status="PASS">
          <reporter-output>
          </reporter-output>
        </test-method> <!-- checkStatusCode -->
        <test-method signature="checkcontentEncoding()[pri:0, instance:com.employeeapi.testCases.TC001_Get_All_Employees@31920ade]" started-at="2020-12-22T20:41:20Z" name="checkcontentEncoding" finished-at="2020-12-22T20:41:20Z" duration-ms="4" status="PASS">
          <reporter-output>
          </reporter-output>
        </test-method> <!-- checkcontentEncoding -->
        <test-method signature="checkserverType()[pri:0, instance:com.employeeapi.testCases.TC001_Get_All_Employees@31920ade]" started-at="2020-12-22T20:41:20Z" name="checkserverType" finished-at="2020-12-22T20:41:20Z" duration-ms="13" status="PASS">
          <reporter-output>
          </reporter-output>
        </test-method> <!-- checkserverType -->
        <test-method signature="checkstatusLine()[pri:0, instance:com.employeeapi.testCases.TC001_Get_All_Employees@31920ade]" started-at="2020-12-22T20:41:20Z" name="checkstatusLine" finished-at="2020-12-22T20:41:20Z" duration-ms="5" status="PASS">
          <reporter-output>
          </reporter-output>
        </test-method> <!-- checkstatusLine -->
        <test-method is-config="true" signature="tearDown()[pri:0, instance:com.employeeapi.testCases.TC001_Get_All_Employees@31920ade]" started-at="2020-12-22T20:41:20Z" name="tearDown" finished-at="2020-12-22T20:41:20Z" duration-ms="1" status="PASS">
          <reporter-output>
          </reporter-output>
        </test-method> <!-- tearDown -->
      </class> <!-- com.employeeapi.testCases.TC001_Get_All_Employees -->
      <class name="com.employeeapi.testCases.TC005_Delete_Employee_Record">
        <test-method is-config="true" signature="setup()[pri:0, instance:com.employeeapi.testCases.TC005_Delete_Employee_Record@934b6cb]" started-at="2020-12-22T20:41:39Z" name="setup" finished-at="2020-12-22T20:41:39Z" duration-ms="4" status="PASS">
          <reporter-output>
          </reporter-output>
        </test-method> <!-- setup -->
        <test-method is-config="true" signature="deleteEmployee()[pri:0, instance:com.employeeapi.testCases.TC005_Delete_Employee_Record@934b6cb]" started-at="2020-12-22T20:41:39Z" name="deleteEmployee" finished-at="2020-12-22T20:41:43Z" duration-ms="4082" status="PASS">
          <reporter-output>
          </reporter-output>
        </test-method> <!-- deleteEmployee -->
        <test-method signature="checkContentType()[pri:0, instance:com.employeeapi.testCases.TC005_Delete_Employee_Record@934b6cb]" started-at="2020-12-22T20:41:43Z" name="checkContentType" finished-at="2020-12-22T20:41:43Z" duration-ms="2" status="PASS">
          <reporter-output>
          </reporter-output>
        </test-method> <!-- checkContentType -->
        <test-method signature="checkResposeBody()[pri:0, instance:com.employeeapi.testCases.TC005_Delete_Employee_Record@934b6cb]" started-at="2020-12-22T20:41:43Z" name="checkResposeBody" finished-at="2020-12-22T20:41:43Z" duration-ms="2" status="PASS">
          <reporter-output>
          </reporter-output>
        </test-method> <!-- checkResposeBody -->
        <test-method signature="checkStatusCode()[pri:0, instance:com.employeeapi.testCases.TC005_Delete_Employee_Record@934b6cb]" started-at="2020-12-22T20:41:43Z" name="checkStatusCode" finished-at="2020-12-22T20:41:43Z" duration-ms="3" status="PASS">
          <reporter-output>
          </reporter-output>
        </test-method> <!-- checkStatusCode -->
        <test-method signature="checkserverType()[pri:0, instance:com.employeeapi.testCases.TC005_Delete_Employee_Record@934b6cb]" started-at="2020-12-22T20:41:43Z" name="checkserverType" finished-at="2020-12-22T20:41:43Z" duration-ms="1" status="PASS">
          <reporter-output>
          </reporter-output>
        </test-method> <!-- checkserverType -->
        <test-method signature="checkstatusLine()[pri:0, instance:com.employeeapi.testCases.TC005_Delete_Employee_Record@934b6cb]" started-at="2020-12-22T20:41:43Z" name="checkstatusLine" finished-at="2020-12-22T20:41:43Z" duration-ms="1" status="PASS">
          <reporter-output>
          </reporter-output>
        </test-method> <!-- checkstatusLine -->
        <test-method is-config="true" signature="tearDown()[pri:0, instance:com.employeeapi.testCases.TC005_Delete_Employee_Record@934b6cb]" started-at="2020-12-22T20:41:43Z" name="tearDown" finished-at="2020-12-22T20:41:43Z" duration-ms="2" status="PASS">
          <reporter-output>
          </reporter-output>
        </test-method> <!-- tearDown -->
      </class> <!-- com.employeeapi.testCases.TC005_Delete_Employee_Record -->
      <class name="com.employeeapi.testCases.TC004_Put_Employee_Record">
        <test-method is-config="true" signature="setup()[pri:0, instance:com.employeeapi.testCases.TC004_Put_Employee_Record@28d18df5]" started-at="2020-12-22T20:41:33Z" name="setup" finished-at="2020-12-22T20:41:33Z" duration-ms="6" status="PASS">
          <reporter-output>
          </reporter-output>
        </test-method> <!-- setup -->
        <test-method is-config="true" signature="updateEmployee()[pri:0, instance:com.employeeapi.testCases.TC004_Put_Employee_Record@28d18df5]" started-at="2020-12-22T20:41:33Z" name="updateEmployee" finished-at="2020-12-22T20:41:39Z" duration-ms="5627" status="PASS">
          <reporter-output>
          </reporter-output>
        </test-method> <!-- updateEmployee -->
        <test-method signature="checkContentType()[pri:0, instance:com.employeeapi.testCases.TC004_Put_Employee_Record@28d18df5]" started-at="2020-12-22T20:41:39Z" name="checkContentType" finished-at="2020-12-22T20:41:39Z" duration-ms="2" status="PASS">
          <reporter-output>
          </reporter-output>
        </test-method> <!-- checkContentType -->
        <test-method signature="checkResposeBody()[pri:0, instance:com.employeeapi.testCases.TC004_Put_Employee_Record@28d18df5]" started-at="2020-12-22T20:41:39Z" name="checkResposeBody" finished-at="2020-12-22T20:41:39Z" duration-ms="3" status="PASS">
          <reporter-output>
          </reporter-output>
        </test-method> <!-- checkResposeBody -->
        <test-method signature="checkStatusCode()[pri:0, instance:com.employeeapi.testCases.TC004_Put_Employee_Record@28d18df5]" started-at="2020-12-22T20:41:39Z" name="checkStatusCode" finished-at="2020-12-22T20:41:39Z" duration-ms="2" status="PASS">
          <reporter-output>
          </reporter-output>
        </test-method> <!-- checkStatusCode -->
        <test-method signature="checkserverType()[pri:0, instance:com.employeeapi.testCases.TC004_Put_Employee_Record@28d18df5]" started-at="2020-12-22T20:41:39Z" name="checkserverType" finished-at="2020-12-22T20:41:39Z" duration-ms="1" status="PASS">
          <reporter-output>
          </reporter-output>
        </test-method> <!-- checkserverType -->
        <test-method signature="checkstatusLine()[pri:0, instance:com.employeeapi.testCases.TC004_Put_Employee_Record@28d18df5]" started-at="2020-12-22T20:41:39Z" name="checkstatusLine" finished-at="2020-12-22T20:41:39Z" duration-ms="2" status="PASS">
          <reporter-output>
          </reporter-output>
        </test-method> <!-- checkstatusLine -->
        <test-method is-config="true" signature="tearDown()[pri:0, instance:com.employeeapi.testCases.TC004_Put_Employee_Record@28d18df5]" started-at="2020-12-22T20:41:39Z" name="tearDown" finished-at="2020-12-22T20:41:39Z" duration-ms="1" status="PASS">
          <reporter-output>
          </reporter-output>
        </test-method> <!-- tearDown -->
      </class> <!-- com.employeeapi.testCases.TC004_Put_Employee_Record -->
      <class name="com.employeeapi.testCases.TC002_Get_Single_Employee_Record">
        <test-method is-config="true" signature="setup()[pri:0, instance:com.employeeapi.testCases.TC002_Get_Single_Employee_Record@1d483de4]" started-at="2020-12-22T20:41:20Z" name="setup" finished-at="2020-12-22T20:41:20Z" duration-ms="2" status="PASS">
          <reporter-output>
          </reporter-output>
        </test-method> <!-- setup -->
        <test-method is-config="true" signature="getEmployeeData()[pri:0, instance:com.employeeapi.testCases.TC002_Get_Single_Employee_Record@1d483de4]" started-at="2020-12-22T20:41:20Z" name="getEmployeeData" finished-at="2020-12-22T20:41:27Z" duration-ms="7673" status="PASS">
          <reporter-output>
          </reporter-output>
        </test-method> <!-- getEmployeeData -->
        <test-method signature="checkContentLenght()[pri:0, instance:com.employeeapi.testCases.TC002_Get_Single_Employee_Record@1d483de4]" started-at="2020-12-22T20:41:27Z" name="checkContentLenght" finished-at="2020-12-22T20:41:27Z" duration-ms="2" status="PASS">
          <reporter-output>
          </reporter-output>
        </test-method> <!-- checkContentLenght -->
        <test-method signature="checkContentType()[pri:0, instance:com.employeeapi.testCases.TC002_Get_Single_Employee_Record@1d483de4]" started-at="2020-12-22T20:41:27Z" name="checkContentType" finished-at="2020-12-22T20:41:27Z" duration-ms="2" status="PASS">
          <reporter-output>
          </reporter-output>
        </test-method> <!-- checkContentType -->
        <test-method signature="checkResponseTime()[pri:0, instance:com.employeeapi.testCases.TC002_Get_Single_Employee_Record@1d483de4]" started-at="2020-12-22T20:41:27Z" name="checkResponseTime" finished-at="2020-12-22T20:41:27Z" duration-ms="2" status="PASS">
          <reporter-output>
          </reporter-output>
        </test-method> <!-- checkResponseTime -->
        <test-method signature="checkResposeBody()[pri:0, instance:com.employeeapi.testCases.TC002_Get_Single_Employee_Record@1d483de4]" started-at="2020-12-22T20:41:27Z" name="checkResposeBody" finished-at="2020-12-22T20:41:27Z" duration-ms="6" status="PASS">
          <reporter-output>
          </reporter-output>
        </test-method> <!-- checkResposeBody -->
        <test-method signature="checkStatusCode()[pri:0, instance:com.employeeapi.testCases.TC002_Get_Single_Employee_Record@1d483de4]" started-at="2020-12-22T20:41:27Z" name="checkStatusCode" finished-at="2020-12-22T20:41:27Z" duration-ms="3" status="PASS">
          <reporter-output>
          </reporter-output>
        </test-method> <!-- checkStatusCode -->
        <test-method signature="checkserverType()[pri:0, instance:com.employeeapi.testCases.TC002_Get_Single_Employee_Record@1d483de4]" started-at="2020-12-22T20:41:27Z" name="checkserverType" finished-at="2020-12-22T20:41:27Z" duration-ms="1" status="PASS">
          <reporter-output>
          </reporter-output>
        </test-method> <!-- checkserverType -->
        <test-method signature="checkstatusLine()[pri:0, instance:com.employeeapi.testCases.TC002_Get_Single_Employee_Record@1d483de4]" started-at="2020-12-22T20:41:27Z" name="checkstatusLine" finished-at="2020-12-22T20:41:27Z" duration-ms="1" status="PASS">
          <reporter-output>
          </reporter-output>
        </test-method> <!-- checkstatusLine -->
        <test-method is-config="true" signature="tearDown()[pri:0, instance:com.employeeapi.testCases.TC002_Get_Single_Employee_Record@1d483de4]" started-at="2020-12-22T20:41:27Z" name="tearDown" finished-at="2020-12-22T20:41:27Z" duration-ms="1" status="PASS">
          <reporter-output>
          </reporter-output>
        </test-method> <!-- tearDown -->
      </class> <!-- com.employeeapi.testCases.TC002_Get_Single_Employee_Record -->
    </test> <!-- EmployeesRestAPITest -->
  </suite> <!-- EmployeesRestAPISuite -->
</testng-results>
