<?xml version="1.0" encoding="UTF-8"?>
<testng-results ignored="0" total="31" passed="31" failed="0" skipped="0">
  <reporter-output>
  </reporter-output>
  <suite started-at="2020-12-22T18:31:56Z" name="EmployeesRestAPISuite" finished-at="2020-12-22T18:32:20Z" duration-ms="23908">
    <groups>
    </groups>
    <test started-at="2020-12-22T18:31:56Z" name="EmployeesRestAPITest" finished-at="2020-12-22T18:32:20Z" duration-ms="23908">
      <class name="com.employeeapi.testCases.TC003_Post_Employee_Record">
        <test-method is-config="true" signature="setup()[pri:0, instance:com.employeeapi.testCases.TC003_Post_Employee_Record@41e1e210]" started-at="2020-12-22T18:32:05Z" name="setup" finished-at="2020-12-22T18:32:05Z" duration-ms="1" status="PASS">
          <reporter-output>
          </reporter-output>
        </test-method> <!-- setup -->
        <test-method is-config="true" signature="createEmployee()[pri:0, instance:com.employeeapi.testCases.TC003_Post_Employee_Record@41e1e210]" started-at="2020-12-22T18:32:05Z" name="createEmployee" finished-at="2020-12-22T18:32:10Z" duration-ms="5589" status="PASS">
          <reporter-output>
          </reporter-output>
        </test-method> <!-- createEmployee -->
        <test-method signature="checkContentType()[pri:0, instance:com.employeeapi.testCases.TC003_Post_Employee_Record@41e1e210]" started-at="2020-12-22T18:32:10Z" name="checkContentType" finished-at="2020-12-22T18:32:10Z" duration-ms="0" status="PASS">
          <reporter-output>
          </reporter-output>
        </test-method> <!-- checkContentType -->
        <test-method signature="checkResposeBody()[pri:0, instance:com.employeeapi.testCases.TC003_Post_Employee_Record@41e1e210]" started-at="2020-12-22T18:32:10Z" name="checkResposeBody" finished-at="2020-12-22T18:32:10Z" duration-ms="0" status="PASS">
          <reporter-output>
          </reporter-output>
        </test-method> <!-- checkResposeBody -->
        <test-method signature="checkStatusCode()[pri:0, instance:com.employeeapi.testCases.TC003_Post_Employee_Record@41e1e210]" started-at="2020-12-22T18:32:10Z" name="checkStatusCode" finished-at="2020-12-22T18:32:10Z" duration-ms="0" status="PASS">
          <reporter-output>
          </reporter-output>
        </test-method> <!-- checkStatusCode -->
        <test-method signature="checkserverType()[pri:0, instance:com.employeeapi.testCases.TC003_Post_Employee_Record@41e1e210]" started-at="2020-12-22T18:32:10Z" name="checkserverType" finished-at="2020-12-22T18:32:10Z" duration-ms="0" status="PASS">
          <reporter-output>
          </reporter-output>
        </test-method> <!-- checkserverType -->
        <test-method signature="checkstatusLine()[pri:0, instance:com.employeeapi.testCases.TC003_Post_Employee_Record@41e1e210]" started-at="2020-12-22T18:32:10Z" name="checkstatusLine" finished-at="2020-12-22T18:32:10Z" duration-ms="0" status="PASS">
          <reporter-output>
          </reporter-output>
        </test-method> <!-- checkstatusLine -->
        <test-method is-config="true" signature="tearDown()[pri:0, instance:com.employeeapi.testCases.TC003_Post_Employee_Record@41e1e210]" started-at="2020-12-22T18:32:10Z" name="tearDown" finished-at="2020-12-22T18:32:10Z" duration-ms="0" status="PASS">
          <reporter-output>
          </reporter-output>
        </test-method> <!-- tearDown -->
      </class> <!-- com.employeeapi.testCases.TC003_Post_Employee_Record -->
      <class name="com.employeeapi.testCases.TC001_Get_All_Employees">
        <test-method is-config="true" signature="setup()[pri:0, instance:com.employeeapi.testCases.TC001_Get_All_Employees@2f8dad04]" started-at="2020-12-22T18:31:56Z" name="setup" finished-at="2020-12-22T18:31:56Z" duration-ms="30" status="PASS">
          <reporter-output>
          </reporter-output>
        </test-method> <!-- setup -->
        <test-method is-config="true" signature="getAllEmployees()[pri:0, instance:com.employeeapi.testCases.TC001_Get_All_Employees@2f8dad04]" started-at="2020-12-22T18:31:56Z" name="getAllEmployees" finished-at="2020-12-22T18:31:57Z" duration-ms="936" status="PASS">
          <reporter-output>
          </reporter-output>
        </test-method> <!-- getAllEmployees -->
        <test-method signature="checkContentLenght()[pri:0, instance:com.employeeapi.testCases.TC001_Get_All_Employees@2f8dad04]" started-at="2020-12-22T18:31:57Z" name="checkContentLenght" finished-at="2020-12-22T18:31:57Z" duration-ms="4" status="PASS">
          <reporter-output>
          </reporter-output>
        </test-method> <!-- checkContentLenght -->
        <test-method signature="checkContentType()[pri:0, instance:com.employeeapi.testCases.TC001_Get_All_Employees@2f8dad04]" started-at="2020-12-22T18:31:57Z" name="checkContentType" finished-at="2020-12-22T18:31:57Z" duration-ms="1" status="PASS">
          <reporter-output>
          </reporter-output>
        </test-method> <!-- checkContentType -->
        <test-method signature="checkCookies()[pri:0, instance:com.employeeapi.testCases.TC001_Get_All_Employees@2f8dad04]" started-at="2020-12-22T18:31:57Z" name="checkCookies" finished-at="2020-12-22T18:31:57Z" duration-ms="1" status="PASS">
          <reporter-output>
          </reporter-output>
        </test-method> <!-- checkCookies -->
        <test-method signature="checkResponseTime()[pri:0, instance:com.employeeapi.testCases.TC001_Get_All_Employees@2f8dad04]" started-at="2020-12-22T18:31:57Z" name="checkResponseTime" finished-at="2020-12-22T18:31:57Z" duration-ms="1" status="PASS">
          <reporter-output>
          </reporter-output>
        </test-method> <!-- checkResponseTime -->
        <test-method signature="checkResposeBody()[pri:0, instance:com.employeeapi.testCases.TC001_Get_All_Employees@2f8dad04]" started-at="2020-12-22T18:31:57Z" name="checkResposeBody" finished-at="2020-12-22T18:31:57Z" duration-ms="30" status="PASS">
          <reporter-output>
          </reporter-output>
        </test-method> <!-- checkResposeBody -->
        <test-method signature="checkStatusCode()[pri:0, instance:com.employeeapi.testCases.TC001_Get_All_Employees@2f8dad04]" started-at="2020-12-22T18:31:57Z" name="checkStatusCode" finished-at="2020-12-22T18:31:57Z" duration-ms="1" status="PASS">
          <reporter-output>
          </reporter-output>
        </test-method> <!-- checkStatusCode -->
        <test-method signature="checkcontentEncoding()[pri:0, instance:com.employeeapi.testCases.TC001_Get_All_Employees@2f8dad04]" started-at="2020-12-22T18:31:57Z" name="checkcontentEncoding" finished-at="2020-12-22T18:31:57Z" duration-ms="2" status="PASS">
          <reporter-output>
          </reporter-output>
        </test-method> <!-- checkcontentEncoding -->
        <test-method signature="checkserverType()[pri:0, instance:com.employeeapi.testCases.TC001_Get_All_Employees@2f8dad04]" started-at="2020-12-22T18:31:57Z" name="checkserverType" finished-at="2020-12-22T18:31:57Z" duration-ms="7" status="PASS">
          <reporter-output>
          </reporter-output>
        </test-method> <!-- checkserverType -->
        <test-method signature="checkstatusLine()[pri:0, instance:com.employeeapi.testCases.TC001_Get_All_Employees@2f8dad04]" started-at="2020-12-22T18:31:57Z" name="checkstatusLine" finished-at="2020-12-22T18:31:57Z" duration-ms="0" status="PASS">
          <reporter-output>
          </reporter-output>
        </test-method> <!-- checkstatusLine -->
        <test-method is-config="true" signature="tearDown()[pri:0, instance:com.employeeapi.testCases.TC001_Get_All_Employees@2f8dad04]" started-at="2020-12-22T18:31:57Z" name="tearDown" finished-at="2020-12-22T18:31:57Z" duration-ms="2" status="PASS">
          <reporter-output>
          </reporter-output>
        </test-method> <!-- tearDown -->
      </class> <!-- com.employeeapi.testCases.TC001_Get_All_Employees -->
      <class name="com.employeeapi.testCases.TC005_Delete_Employee_Record">
        <test-method is-config="true" signature="setup()[pri:0, instance:com.employeeapi.testCases.TC005_Delete_Employee_Record@4944252c]" started-at="2020-12-22T18:32:16Z" name="setup" finished-at="2020-12-22T18:32:16Z" duration-ms="2" status="PASS">
          <reporter-output>
          </reporter-output>
        </test-method> <!-- setup -->
        <test-method is-config="true" signature="deleteEmployee()[pri:0, instance:com.employeeapi.testCases.TC005_Delete_Employee_Record@4944252c]" started-at="2020-12-22T18:32:16Z" name="deleteEmployee" finished-at="2020-12-22T18:32:20Z" duration-ms="3891" status="PASS">
          <reporter-output>
          </reporter-output>
        </test-method> <!-- deleteEmployee -->
        <test-method signature="checkContentType()[pri:0, instance:com.employeeapi.testCases.TC005_Delete_Employee_Record@4944252c]" started-at="2020-12-22T18:32:20Z" name="checkContentType" finished-at="2020-12-22T18:32:20Z" duration-ms="0" status="PASS">
          <reporter-output>
          </reporter-output>
        </test-method> <!-- checkContentType -->
        <test-method signature="checkResposeBody()[pri:0, instance:com.employeeapi.testCases.TC005_Delete_Employee_Record@4944252c]" started-at="2020-12-22T18:32:20Z" name="checkResposeBody" finished-at="2020-12-22T18:32:20Z" duration-ms="0" status="PASS">
          <reporter-output>
          </reporter-output>
        </test-method> <!-- checkResposeBody -->
        <test-method signature="checkStatusCode()[pri:0, instance:com.employeeapi.testCases.TC005_Delete_Employee_Record@4944252c]" started-at="2020-12-22T18:32:20Z" name="checkStatusCode" finished-at="2020-12-22T18:32:20Z" duration-ms="0" status="PASS">
          <reporter-output>
          </reporter-output>
        </test-method> <!-- checkStatusCode -->
        <test-method signature="checkserverType()[pri:0, instance:com.employeeapi.testCases.TC005_Delete_Employee_Record@4944252c]" started-at="2020-12-22T18:32:20Z" name="checkserverType" finished-at="2020-12-22T18:32:20Z" duration-ms="1" status="PASS">
          <reporter-output>
          </reporter-output>
        </test-method> <!-- checkserverType -->
        <test-method signature="checkstatusLine()[pri:0, instance:com.employeeapi.testCases.TC005_Delete_Employee_Record@4944252c]" started-at="2020-12-22T18:32:20Z" name="checkstatusLine" finished-at="2020-12-22T18:32:20Z" duration-ms="0" status="PASS">
          <reporter-output>
          </reporter-output>
        </test-method> <!-- checkstatusLine -->
        <test-method is-config="true" signature="tearDown()[pri:0, instance:com.employeeapi.testCases.TC005_Delete_Employee_Record@4944252c]" started-at="2020-12-22T18:32:20Z" name="tearDown" finished-at="2020-12-22T18:32:20Z" duration-ms="0" status="PASS">
          <reporter-output>
          </reporter-output>
        </test-method> <!-- tearDown -->
      </class> <!-- com.employeeapi.testCases.TC005_Delete_Employee_Record -->
      <class name="com.employeeapi.testCases.TC004_Put_Employee_Record">
        <test-method is-config="true" signature="setup()[pri:0, instance:com.employeeapi.testCases.TC004_Put_Employee_Record@be35cd9]" started-at="2020-12-22T18:32:10Z" name="setup" finished-at="2020-12-22T18:32:10Z" duration-ms="1" status="PASS">
          <reporter-output>
          </reporter-output>
        </test-method> <!-- setup -->
        <test-method is-config="true" signature="updateEmployee()[pri:0, instance:com.employeeapi.testCases.TC004_Put_Employee_Record@be35cd9]" started-at="2020-12-22T18:32:10Z" name="updateEmployee" finished-at="2020-12-22T18:32:16Z" duration-ms="5575" status="PASS">
          <reporter-output>
          </reporter-output>
        </test-method> <!-- updateEmployee -->
        <test-method signature="checkContentType()[pri:0, instance:com.employeeapi.testCases.TC004_Put_Employee_Record@be35cd9]" started-at="2020-12-22T18:32:16Z" name="checkContentType" finished-at="2020-12-22T18:32:16Z" duration-ms="0" status="PASS">
          <reporter-output>
          </reporter-output>
        </test-method> <!-- checkContentType -->
        <test-method signature="checkStatusCode()[pri:0, instance:com.employeeapi.testCases.TC004_Put_Employee_Record@be35cd9]" started-at="2020-12-22T18:32:16Z" name="checkStatusCode" finished-at="2020-12-22T18:32:16Z" duration-ms="0" status="PASS">
          <reporter-output>
          </reporter-output>
        </test-method> <!-- checkStatusCode -->
        <test-method signature="checkResposeBody()[pri:0, instance:com.employeeapi.testCases.TC004_Put_Employee_Record@be35cd9]" started-at="2020-12-22T18:32:16Z" name="checkResposeBody" finished-at="2020-12-22T18:32:16Z" duration-ms="0" status="PASS">
          <reporter-output>
          </reporter-output>
        </test-method> <!-- checkResposeBody -->
        <test-method signature="checkserverType()[pri:0, instance:com.employeeapi.testCases.TC004_Put_Employee_Record@be35cd9]" started-at="2020-12-22T18:32:16Z" name="checkserverType" finished-at="2020-12-22T18:32:16Z" duration-ms="0" status="PASS">
          <reporter-output>
          </reporter-output>
        </test-method> <!-- checkserverType -->
        <test-method signature="checkstatusLine()[pri:0, instance:com.employeeapi.testCases.TC004_Put_Employee_Record@be35cd9]" started-at="2020-12-22T18:32:16Z" name="checkstatusLine" finished-at="2020-12-22T18:32:16Z" duration-ms="0" status="PASS">
          <reporter-output>
          </reporter-output>
        </test-method> <!-- checkstatusLine -->
        <test-method is-config="true" signature="tearDown()[pri:0, instance:com.employeeapi.testCases.TC004_Put_Employee_Record@be35cd9]" started-at="2020-12-22T18:32:16Z" name="tearDown" finished-at="2020-12-22T18:32:16Z" duration-ms="1" status="PASS">
          <reporter-output>
          </reporter-output>
        </test-method> <!-- tearDown -->
      </class> <!-- com.employeeapi.testCases.TC004_Put_Employee_Record -->
      <class name="com.employeeapi.testCases.TC002_Get_Single_Employee_Record">
        <test-method is-config="true" signature="setup()[pri:0, instance:com.employeeapi.testCases.TC002_Get_Single_Employee_Record@29e495ff]" started-at="2020-12-22T18:31:57Z" name="setup" finished-at="2020-12-22T18:31:57Z" duration-ms="2" status="PASS">
          <reporter-output>
          </reporter-output>
        </test-method> <!-- setup -->
        <test-method is-config="true" signature="getEmployeeData()[pri:0, instance:com.employeeapi.testCases.TC002_Get_Single_Employee_Record@29e495ff]" started-at="2020-12-22T18:31:57Z" name="getEmployeeData" finished-at="2020-12-22T18:32:05Z" duration-ms="7608" status="PASS">
          <reporter-output>
          </reporter-output>
        </test-method> <!-- getEmployeeData -->
        <test-method signature="checkContentLenght()[pri:0, instance:com.employeeapi.testCases.TC002_Get_Single_Employee_Record@29e495ff]" started-at="2020-12-22T18:32:05Z" name="checkContentLenght" finished-at="2020-12-22T18:32:05Z" duration-ms="0" status="PASS">
          <reporter-output>
          </reporter-output>
        </test-method> <!-- checkContentLenght -->
        <test-method signature="checkContentType()[pri:0, instance:com.employeeapi.testCases.TC002_Get_Single_Employee_Record@29e495ff]" started-at="2020-12-22T18:32:05Z" name="checkContentType" finished-at="2020-12-22T18:32:05Z" duration-ms="0" status="PASS">
          <reporter-output>
          </reporter-output>
        </test-method> <!-- checkContentType -->
        <test-method signature="checkResponseTime()[pri:0, instance:com.employeeapi.testCases.TC002_Get_Single_Employee_Record@29e495ff]" started-at="2020-12-22T18:32:05Z" name="checkResponseTime" finished-at="2020-12-22T18:32:05Z" duration-ms="0" status="PASS">
          <reporter-output>
          </reporter-output>
        </test-method> <!-- checkResponseTime -->
        <test-method signature="checkResposeBody()[pri:0, instance:com.employeeapi.testCases.TC002_Get_Single_Employee_Record@29e495ff]" started-at="2020-12-22T18:32:05Z" name="checkResposeBody" finished-at="2020-12-22T18:32:05Z" duration-ms="1" status="PASS">
          <reporter-output>
          </reporter-output>
        </test-method> <!-- checkResposeBody -->
        <test-method signature="checkStatusCode()[pri:0, instance:com.employeeapi.testCases.TC002_Get_Single_Employee_Record@29e495ff]" started-at="2020-12-22T18:32:05Z" name="checkStatusCode" finished-at="2020-12-22T18:32:05Z" duration-ms="0" status="PASS">
          <reporter-output>
          </reporter-output>
        </test-method> <!-- checkStatusCode -->
        <test-method signature="checkstatusLine()[pri:0, instance:com.employeeapi.testCases.TC002_Get_Single_Employee_Record@29e495ff]" started-at="2020-12-22T18:32:05Z" name="checkstatusLine" finished-at="2020-12-22T18:32:05Z" duration-ms="0" status="PASS">
          <reporter-output>
          </reporter-output>
        </test-method> <!-- checkstatusLine -->
        <test-method signature="checkserverType()[pri:0, instance:com.employeeapi.testCases.TC002_Get_Single_Employee_Record@29e495ff]" started-at="2020-12-22T18:32:05Z" name="checkserverType" finished-at="2020-12-22T18:32:05Z" duration-ms="0" status="PASS">
          <reporter-output>
          </reporter-output>
        </test-method> <!-- checkserverType -->
        <test-method is-config="true" signature="tearDown()[pri:0, instance:com.employeeapi.testCases.TC002_Get_Single_Employee_Record@29e495ff]" started-at="2020-12-22T18:32:05Z" name="tearDown" finished-at="2020-12-22T18:32:05Z" duration-ms="0" status="PASS">
          <reporter-output>
          </reporter-output>
        </test-method> <!-- tearDown -->
      </class> <!-- com.employeeapi.testCases.TC002_Get_Single_Employee_Record -->
    </test> <!-- EmployeesRestAPITest -->
  </suite> <!-- EmployeesRestAPISuite -->
</testng-results>
